
> backend@1.0.0 dev
> ts-node --esm server.ts

(node:22790) [DEP0180] DeprecationWarning: fs.Stats constructor is deprecated.
(Use `node --trace-deprecation ...` to show where the warning was created)
Smart Server running on http://localhost:3000
User connected. Total: 1
Launching browser to fetch data...
Waiting 2 seconds for data to update...
Scraped 15 items successfully.
Next fetch in 10.46s
Launching browser to fetch data...
User disconnected. Total: 0
Waiting 2 seconds for data to update...
Scraped 15 items successfully.
User connected. Total: 1
Launching browser to fetch data...
Waiting 2 seconds for data to update...
Scraped 15 items successfully.
Next fetch in 14.928s
Launching browser to fetch data...
Waiting 2 seconds for data to update...
Scraped 15 items successfully.
Next fetch in 14.627s
Launching browser to fetch data...
Waiting 2 seconds for data to update...
Scraped 15 items successfully.
Next fetch in 11.106s
Launching browser to fetch data...
Waiting 2 seconds for data to update...
Scraped 15 items successfully.
Next fetch in 14.074s
Launching browser to fetch data...
Waiting 2 seconds for data to update...
Scraped 15 items successfully.
Next fetch in 10.389s
Launching browser to fetch data...
Waiting 2 seconds for data to update...
Scraped 15 items successfully.
Next fetch in 10.342s
Launching browser to fetch data...
Waiting 2 seconds for data to update...
Scraped 15 items successfully.
Next fetch in 13.555s
Launching browser to fetch data...
Waiting 2 seconds for data to update...
Scraped 15 items successfully.
Next fetch in 14.414s
Launching browser to fetch data...
Waiting 2 seconds for data to update...
Scraped 15 items successfully.
Next fetch in 12.305s
Launching browser to fetch data...
Waiting 2 seconds for data to update...
Scraped 15 items successfully.
Next fetch in 10.355s
Launching browser to fetch data...
Waiting 2 seconds for data to update...
Scraped 15 items successfully.
Next fetch in 10.686s
Launching browser to fetch data...
Waiting 2 seconds for data to update...
Scraped 15 items successfully.
Next fetch in 14.873s
Launching browser to fetch data...
Waiting 2 seconds for data to update...
Scraped 15 items successfully.
Next fetch in 12.701s
Launching browser to fetch data...
Waiting 2 seconds for data to update...
Scraped 15 items successfully.
Next fetch in 13.613s
Launching browser to fetch data...
Waiting 2 seconds for data to update...
Scraped 15 items successfully.
Next fetch in 14.548s
Launching browser to fetch data...
Waiting 2 seconds for data to update...
Scraped 15 items successfully.
Next fetch in 12.287s
Launching browser to fetch data...
Waiting 2 seconds for data to update...
Scraped 15 items successfully.
Next fetch in 12.622s
Launching browser to fetch data...
Waiting 2 seconds for data to update...
Scraped 15 items successfully.
Next fetch in 11.528s
Launching browser to fetch data...
Waiting 2 seconds for data to update...
Scraped 15 items successfully.
Next fetch in 14.586s
Launching browser to fetch data...
Waiting 2 seconds for data to update...
Scraped 15 items successfully.
Next fetch in 10.554s
Launching browser to fetch data...
Waiting 2 seconds for data to update...
Scraped 15 items successfully.
Next fetch in 12.254s
Launching browser to fetch data...
Waiting 2 seconds for data to update...
Scraped 15 items successfully.
Next fetch in 11.083s
User connected. Total: 2
Launching browser to fetch data...
Waiting 2 seconds for data to update...
Scraped 15 items successfully.
Next fetch in 12.109s
User disconnected. Total: 1
Launching browser to fetch data...
Waiting 2 seconds for data to update...
Scraped 15 items successfully.
Next fetch in 14.436s
Launching browser to fetch data...
Waiting 2 seconds for data to update...
Scraped 15 items successfully.
Next fetch in 13.512s
Launching browser to fetch data...
Waiting 2 seconds for data to update...
Scraped 15 items successfully.
Next fetch in 13.787s
Launching browser to fetch data...
Waiting 2 seconds for data to update...
Scraped 15 items successfully.
Next fetch in 10.544s
Launching browser to fetch data...
Waiting 2 seconds for data to update...
Scraped 15 items successfully.
Next fetch in 10.996s
Launching browser to fetch data...
Waiting 2 seconds for data to update...
Scraped 15 items successfully.
Next fetch in 11.295s
Launching browser to fetch data...
Waiting 2 seconds for data to update...
Scraped 15 items successfully.
Next fetch in 13.791s
Launching browser to fetch data...
Waiting 2 seconds for data to update...
Scraped 15 items successfully.
Next fetch in 11.027s
Launching browser to fetch data...
Waiting 2 seconds for data to update...
Scraped 15 items successfully.
Next fetch in 12.801s
Launching browser to fetch data...
Waiting 2 seconds for data to update...
Scraped 15 items successfully.
Next fetch in 10.117s
Launching browser to fetch data...
Waiting 2 seconds for data to update...
Scraped 15 items successfully.
Next fetch in 12.598s
User disconnected. Total: 0
No active users. Stopping live feed.
User connected. Total: 1
Launching browser to fetch data...
Waiting 2 seconds for data to update...
Scraped 15 items successfully.
Next fetch in 13.823s
Launching browser to fetch data...
Waiting 2 seconds for data to update...
Scraped 15 items successfully.
Next fetch in 14.6s
Launching browser to fetch data...
Waiting 2 seconds for data to update...
Scraped 15 items successfully.
Next fetch in 14.977s
Launching browser to fetch data...
Waiting 2 seconds for data to update...
Scraped 15 items successfully.
Next fetch in 12.759s
Launching browser to fetch data...
Waiting 2 seconds for data to update...
Scraped 15 items successfully.
Next fetch in 14.914s
User disconnected. Total: 0
No active users. Stopping live feed.
User connected. Total: 1
Launching browser to fetch data...
Waiting 2 seconds for data to update...
Scraped 15 items successfully.
Next fetch in 10.935s
User disconnected. Total: 0
No active users. Stopping live feed.
User connected. Total: 1
Launching browser to fetch data...
Waiting 2 seconds for data to update...
Scraped 15 items successfully.
Next fetch in 14.794s
Launching browser to fetch data...
Waiting 2 seconds for data to update...
Scraped 15 items successfully.
Next fetch in 10.613s
User connected. Total: 2
Launching browser to fetch data...
Waiting 2 seconds for data to update...
Scraped 15 items successfully.
Next fetch in 12.835s
Launching browser to fetch data...
Waiting 2 seconds for data to update...
Scraped 15 items successfully.
Next fetch in 10.584s
Launching browser to fetch data...
Waiting 2 seconds for data to update...
Scraped 15 items successfully.
Next fetch in 13.003s
Launching browser to fetch data...
Waiting 2 seconds for data to update...
Scraped 15 items successfully.
Next fetch in 12.701s
Launching browser to fetch data...
Waiting 2 seconds for data to update...
Scraped 15 items successfully.
Next fetch in 13.087s
User disconnected. Total: 1
User disconnected. Total: 0
No active users. Stopping live feed.
User connected. Total: 1
Launching browser to fetch data...
Waiting 2 seconds for data to update...
Scraped 15 items successfully.
Next fetch in 13.841s
Launching browser to fetch data...
Waiting 2 seconds for data to update...
Scraped 15 items successfully.
Next fetch in 11.816s
Launching browser to fetch data...
Waiting 2 seconds for data to update...
Scraped 15 items successfully.
Next fetch in 13.752s
Launching browser to fetch data...
Waiting 2 seconds for data to update...
Scraped 15 items successfully.
Next fetch in 12.87s
Launching browser to fetch data...
Waiting 2 seconds for data to update...
Scraped 15 items successfully.
Next fetch in 11.148s
Launching browser to fetch data...
Waiting 2 seconds for data to update...
Scraped 15 items successfully.
Next fetch in 13.466s
User disconnected. Total: 0
User connected. Total: 1
Launching browser to fetch data...
Waiting 2 seconds for data to update...
Scraped 15 items successfully.
Next fetch in 10.425s
User disconnected. Total: 0
User connected. Total: 1
Launching browser to fetch data...
Waiting 2 seconds for data to update...
Scraped 15 items successfully.
Next fetch in 13.684s
Launching browser to fetch data...
Waiting 2 seconds for data to update...
Scraped 15 items successfully.
Next fetch in 11.36s
Launching browser to fetch data...
Waiting 2 seconds for data to update...
Scraped 15 items successfully.
Next fetch in 11.58s
Launching browser to fetch data...
Waiting 2 seconds for data to update...
Scraped 15 items successfully.
Next fetch in 12.795s
Launching browser to fetch data...
Waiting 2 seconds for data to update...
Scraped 15 items successfully.
Next fetch in 11.939s
Launching browser to fetch data...
Waiting 2 seconds for data to update...
Scraped 15 items successfully.
Next fetch in 11.752s
Launching browser to fetch data...
Waiting 2 seconds for data to update...
Scraped 15 items successfully.
Next fetch in 13.65s
User disconnected. Total: 0
User connected. Total: 1
Launching browser to fetch data...
Waiting 2 seconds for data to update...
Scraped 15 items successfully.
Next fetch in 10.901s
Launching browser to fetch data...
Waiting 2 seconds for data to update...
Scraped 15 items successfully.
Next fetch in 14.97s
Launching browser to fetch data...
Waiting 2 seconds for data to update...
Scraped 15 items successfully.
Next fetch in 10.901s
Launching browser to fetch data...
Waiting 2 seconds for data to update...
Scraped 15 items successfully.
Next fetch in 11.911s
Launching browser to fetch data...
Waiting 2 seconds for data to update...
Scraped 15 items successfully.
Next fetch in 10.741s
Launching browser to fetch data...
Waiting 2 seconds for data to update...
Scraped 15 items successfully.
Next fetch in 13.779s
Launching browser to fetch data...
Waiting 2 seconds for data to update...
Scraped 15 items successfully.
Next fetch in 11.925s
Launching browser to fetch data...
Waiting 2 seconds for data to update...
Scraped 15 items successfully.
Next fetch in 10.745s
Launching browser to fetch data...
Waiting 2 seconds for data to update...
Scraped 15 items successfully.
Next fetch in 10.376s
Launching browser to fetch data...
Waiting 2 seconds for data to update...
Scraped 15 items successfully.
Next fetch in 12.036s
Launching browser to fetch data...
Waiting 2 seconds for data to update...
Scraped 15 items successfully.
Next fetch in 11.076s
Launching browser to fetch data...
Waiting 2 seconds for data to update...
Scraped 15 items successfully.
Next fetch in 12.295s
User disconnected. Total: 0
No active users. Stopping live feed.
